<?xml version="1.0" encoding="UTF-8"?>
<testsuite xmlns:xsi="http://www.w3.org/2001/XMLSchema-instance" xsi:noNamespaceSchemaLocation="https://maven.apache.org/surefire/maven-surefire-plugin/xsd/surefire-test-report.xsd" name="br.unicamp.ic.inf335.app.inf335_prj05.AppTest" time="0.012" tests="6" errors="0" skipped="0" failures="0">
  <properties>
[...]
</properties>
  <testcase name="testValorMedioAnuncios" classname="br.unicamp.ic.inf335.app.inf335_prj05.AppTest" time="0.004"/>
  <testcase name="testQuantidadeAnunios" classname="br.unicamp.ic.inf335.app.inf335_prj05.AppTest" time="0"/>
  <testcase name="testApp" classname="br.unicamp.ic.inf335.app.inf335_prj05.AppTest" time="0"/>
  <testcase name="testAddAnuncio" classname="br.unicamp.ic.inf335.app.inf335_prj05.AppTest" time="0"/>
  <testcase name="testRemoveAnuncio" classname="br.unicamp.ic.inf335.app.inf335_prj05.AppTest" time="0"/>
  <testcase name="testGetValor" classname="br.unicamp.ic.inf335.app.inf335_prj05.AppTest" time="0"/>
</testsuite>